generic
a88games
a005
a10yardj
gtmr
a1941
a1942
a1943kai
a1943
a1944
a19xx
openice
a39in1
a4enraya
a4in1
a4dwarrio
a64street
a720
ace
acrobatm
actfancr
hatena
aerofgt
aburner2
koshien
airbustr
airduel
airwolf
ajax
alexkidd
alibaba
astorm
aliensyn
avsp
alien3
aliens
aafb
alleymas
alphaho
alpinerd
alpine
altbeast
maze
horshoes
amspdwy
amerdart
amidar
angelkds
anteater
apb
aquajack
aquarium
arabian
arbalest
arcadecl
archrivl
area51
area51mx
a51site4
argus
arkarea
arkanoid
arknoid2
arlingtn
armwrest
armedf
armora
armorcar
ashura
aso
assault
asterix
asteroid
astdelux
astrob
astrof
astinvad
asuka
asylum
abaseb
atarifb
ataxx
athena
atehate
atomicp
robokid
aurail
avalnche
avengers
avspirit
aztarac
azurian
baddudes
badlands
bagman
bkrtmaq
bakutotu
ballbomb
ballbros
baluba
bangball
bang
bankp
baraduke
barricad
barrier
bsktball
batman
batsugun
battlnts
bkraidj
battlex
bcruzm12
btlkroad
battlane
atlantis
battlera
bshark
btoads
bzone
bayroute
beaminv
bbusters
beathead
bm1stmix
bm2ndmix
bm4thmix
bm5thmix
bm6thmix
bmcompmx
bmcompm2
bmcorerm
bmdct
beezer
bel
blswhstl
berabohm
bermudat
berzerk
bigevglf
bigkarnk
bigrun
bigstrik
bigtwin
bbonk
bioatack
bioship
biofreak
biomtoy
bionicc
bking
bking2
bking3
birdtry
blkheart
blkhole
blkpnthr
blktiger
bwidow
bmaster
bladestl
blandia
blastoff
blasted
blaster
blstroid
blasto
blazeon
blockout
blockade
bloodbro
bloxeed
blueprnt
blueshrk
bodyslam
bogeyman
bombjack
boogwing
boothill
bosco
bottom9
bouldash
bowler
boxingb
bradley
brkthru
bublbobl
bubbles
buckrog
buggychl
btime
brubber
cabal
cadash
dino
calibr50
cameltry
canyon
capbowl
captaven
captcomm
carnevil
carnival
cawing
cavelon
cninja
centiped
challeng
champbas
csprint
checkman
checkmat
cheekyms
cheyenne
cshift
chiller
ccasino
chopper
circus
circusc
cischeat
citycon
citylove
cloak
clowns
cltchitr
colony7
columns
combat
commsega
commando
comotion
congo
contra
cosmica
cavenger
cchasm
cosmicg
cracksht
crash
crater
cclimber
cclimbr2
ckong
crimec
crimfght
crossbow
crgolf
cbuster
crush
cryptklr
ccastles
curvebal
cybsled
cyberbal
cybots
daioh
dangar
dangerz
dbreed
indyheat
darkplnt
darkseal
dstlk
deadang
redufo
defender
demoderb
depthch
desertgu
destroyr
devstors
devilfsh
devzone
digdug
digdug2
digger
dimahoo
dotron
dorunrun
domino
dkong
dkong3
dkongjr
ddragon
ddragon3
ddragon2
ddribble
downtown
dragrace
dragngun
dspirit
drgnunit
ddsom
ddtod
dynamcop
eswat
ecofghtr
eggventr
elevator
elim2
enigma2
eprom
exerion
exterm
eyes
f1dream
f1en
fantasy
qbert
fax
fgoal
fghtatck
fvipers
finalb
ffight
finalap2
firetrap
firetrk
fshark
foodf
forgottn
formatz
frenzy
frogger
frogs
frontlin
futspy
gloc
gijoe
gground
galaga88
galaga
galaxian
gforce2
galxwars
galpanic
galpani2
gaplus
gauntlet
gaunt2
geebee
gng
ghouls
gigawing
goldmedl
goldnaxe
ga2
gt97
gt98
gt99
gt2k
gt3d
gtg2
glfgreat
golgo13
gollygho
gondo
gorf
grchamp
f1gpstar
gravitar
greatgun
gberet
gridiron
gridlee
guardian
gwar
gunsmoke
gunbird
gunbustr
gyruss
halleys
hardyard
hattrick
hcastle
hbarrel
hiimpact
hippodrm
hitme
hitice
holo
hotrod
hstennis
hng64
hyperspt
irobot
ikari3
ikari
indytemp
inferno
invrvnge
invho2
offroad
offroadt
jackal
jailbrek
teamqb
journey
joust
joust2
joyfulr
jrpacman
jumpbug
junglek
jungler
jpark
kageki
kangaroo
kaos
kchamp
karnov
kick
kicker
killcom
kinst
kinst2
kingball
kingofb
klax
knights
konamigt
kroozr
kram
krull
kungfum
kurikint
ladybug
lagunar
lghost
lastduel
lethalen
lethalj
liberatr
lnc
lockon
locomotn
ldrun
looping
losttomb
llander
lrescue
lupin3
m4
megaplay
mplanets
msword
magspot
mhavoc
maniach
mappy
marble
mario
mars
mmatrix
msh
mshvsf
mvsc
matmania
maxrpm
maxforce
mayday
mechatt
megaman2
megazone
mercs
metamrph
metrocrs
mwalk
midres
gtmr2
milliped
minefld
mineswpr
minigolf
missile
gmissile
moguchan
mole
monymony
monsterb
montecar
mpatrol
moonwar
mk
mk3
mk4
mk2
mtrap
mrdo
docastle
dowild
mrdrillr
mspacman
mvp
mx5000
mysticm
mystwarr
nametune
narc
nastar
natodef
naughtyb
nbahangt
nbajam
neckneck
neogeo
nyny
blitz
nibbler
nss
nomnlnd
nova2001
olibochu
omegrace
oneshot
othunder
opwolf
opwolf3
outrun
overdriv
pow
pacland
pacplus
pacmania
paddlema
pandoras
paperboy
pastelg
pengo
pepper2
peterpak
phoenix
pigout
pigskin
pbaction
piratetr
pitfight
pitfall2
playch10
pleiads
plotting
ptblank
polaris
polepos
polepos2
policetr
polyplay
ponpoko
pooyan
popeye
popper
pdrift
powerdrv
pclubj
profpac
psychos
puckman
pulsar
punchout
punkshot
pbobble
pbobble2
pbobble3
qix
quantum
quarterb
quartet
quasar
qad
qndream
rtype
radarscp
radrad
rchase
rainbow
rallyx
rampage
rmpgwt
rampart
rastan
reactor
redlin2p
regulus
renegade
rescue
rescraid
jedi
revx
ripoff
roadblst
roadf
roadrunn
robby
robocop
robocop2
robotron
rocnrope
rollerg
rthunder
rranger
roundup
rungun
runaway
stunrun
salamand
searchar
sarge
satansat
shollow
scramble
sdi
seawolf
seawolf2
shdancer
shadoww
sharkatt
sshooter
sheriff
shinobi
shootout
shootbul
shuffle
shufshot
sidearms
sidetrac
sinistar
skullxbo
skydiver
skysoldr
slapfigh
slikshot
slither
slyspy
smashtv
snakjack
snapjack
snowbros
solarfox
solarq
amazon
sbm
souledge
spacewar
sspaceat
spacduel
spacefb
spacfury
spacegun
sharrier
invaders
spacedx
invadpt2
spacelnc
spaceod
panic
spacezap
speakres
spectar
spdcoin
speedfrk
speedrcr
spidman
spiders
sprint1
starcas
starforc
stargrds
starhawk
starjack
startrek
starwars
stargate
sgunner
sgunner2
stocker
stratab
stratgyx
sf
sfa2
sfa3
sfa
sf2
sfiii2
sfiii3
sfiii
sftm
strider
sbowling
strkforc
s1945
s1945iii
subs
ssriders
sbagman
sbrkout
scobra
scontra
spdodgeb
sgemf
shimpact
smgp
superpac
spbactn
spnchout
sqix
sspeedr
ssprint
ssf2
sstrike
stonebal
streakng
szaxxon
superman
swimmer
tnk3
tailg
tank8
tankbatt
tapper
targ
tazmania
tbowl
tmnt
tmnt2
tehkanwc
tekken
tekken2
tekken3
tempest
tengai
term2
terracre
terraf
atetris
tetris
tetrisp
tetrisp2
ctribe
elecyoyo
esb
theend
lkage
mainevt
ninjaw
thepit
punisher
ghostb
simpsons
srumbler
a3stooges
tinstar
thief
a3wonders
thndrbld
thundfox
thunderj
tickee
tigerh
tigeroad
timber
timecris
timekill
timeplt
timesold
titlef
toki
tomahawk
toobin
topspeed
totcarn
tdfever
toypop
trackfld
tranqgun
trisport
triplhnt
statriv2
gtsers8
gt507uk
gt5
trvgns
triviasp
triviabb
triviag1
triviag2
triviayp
trojan
trog
tron
tubep
tunhunt
turbo
turbofrc
toutrun
tshoot
tutankhm
twincobr
twineagl
twineag2
twotiger
earthjkr
unsquad
vball
usclssic
ultratnk
utoukond
undrfire
uniwars
upndown
valkyrie
vandyke
vanguard
varth
vendetta
venture
victory
victroad
hustler
videopin
vigilant
vimana
vindictr
vindctr2
viofight
viper
vf
vf2
vsgongf
rbibb
balonfgt
vsbball
btlecity
cstlevna
cluclu
drmario
duckhunt
excitebk
vsfdf
vsgradus
vsgshoe
hogalley
hotsmash
iceclimb
iceclmrj
machridr
mightybj
jajamaru
vspinbal
platoon
bnglngby
vsslalom
vssoccer
starlstr
smgolf
suprmrio
vsskykid
supxevs
tkoboxng
vstennis
vstetris
goonies
topgun
wrecking
wacko
wargods
warofbug
wotw
warlords
warpwarp
warrior
suzume
wecleman
wfortune
whodunit
wildfang
moo
willow
wizdfire
wow
wolfpack
wboy
wbml
wbeachvl
wcbowl
wcbowldx
wseries
wsf
wtennis
wwfsstar
wwfwfest
wwfmania
xmen
xmvsf
xmcota
xsleena
xenophob
xevious
xybots
yesnoj
yiear
yosakdon
yuyugogo
zaxxon
zerohour
zeropnt
zeropnt2
zerowing
zerozone
zingzip
zoar
zodiack
zombraid
zookeep
zunkyou
zwackery
zzyzzyxx
