generic_ctrl
a88games_ctrl
a005_ctrl
a10yardj_ctrl
gtmr_ctrl
a1941_ctrl
a1942_ctrl
a1943kai_ctrl
a1943_ctrl
a1944_ctrl
a19xx_ctrl
openice_ctrl
a39in1_ctrl
a4enraya_ctrl
a4in1_ctrl
a4dwarrio_ctrl
a64street_ctrl
a720_ctrl
ace_ctrl
acrobatm_ctrl
actfancr_ctrl
hatena_ctrl
aerofgt_ctrl
aburner2_ctrl
koshien_ctrl
airbustr_ctrl
airduel_ctrl
airwolf_ctrl
ajax_ctrl
alexkidd_ctrl
alibaba_ctrl
astorm_ctrl
aliensyn_ctrl
avsp_ctrl
alien3_ctrl
aliens_ctrl
aafb_ctrl
alleymas_ctrl
alphaho_ctrl
alpinerd_ctrl
alpine_ctrl
altbeast_ctrl
maze_ctrl
horshoes_ctrl
amspdwy_ctrl
amerdart_ctrl
amidar_ctrl
angelkds_ctrl
anteater_ctrl
apb_ctrl
aquajack_ctrl
aquarium_ctrl
arabian_ctrl
arbalest_ctrl
arcadecl_ctrl
archrivl_ctrl
area51_ctrl
area51mx_ctrl
a51site4_ctrl
argus_ctrl
arkarea_ctrl
arkanoid_ctrl
arknoid2_ctrl
arlingtn_ctrl
armwrest_ctrl
armedf_ctrl
armora_ctrl
armorcar_ctrl
ashura_ctrl
aso_ctrl
assault_ctrl
asterix_ctrl
asteroid_ctrl
astdelux_ctrl
astrob_ctrl
astrof_ctrl
astinvad_ctrl
asuka_ctrl
asylum_ctrl
abaseb_ctrl
atarifb_ctrl
ataxx_ctrl
athena_ctrl
atehate_ctrl
atomicp_ctrl
robokid_ctrl
aurail_ctrl
avalnche_ctrl
avengers_ctrl
avspirit_ctrl
aztarac_ctrl
azurian_ctrl
baddudes_ctrl
badlands_ctrl
bagman_ctrl
bkrtmaq_ctrl
bakutotu_ctrl
ballbomb_ctrl
ballbros_ctrl
baluba_ctrl
bangball_ctrl
bang_ctrl
bankp_ctrl
baraduke_ctrl
barricad_ctrl
barrier_ctrl
bsktball_ctrl
batman_ctrl
batsugun_ctrl
battlnts_ctrl
bkraidj_ctrl
battlex_ctrl
bcruzm12_ctrl
btlkroad_ctrl
battlane_ctrl
atlantis_ctrl
battlera_ctrl
bshark_ctrl
btoads_ctrl
bzone_ctrl
bayroute_ctrl
beaminv_ctrl
bbusters_ctrl
beathead_ctrl
bm1stmix_ctrl
bm2ndmix_ctrl
bm4thmix_ctrl
bm5thmix_ctrl
bm6thmix_ctrl
bmcompmx_ctrl
bmcompm2_ctrl
bmcorerm_ctrl
bmdct_ctrl
beezer_ctrl
bel_ctrl
blswhstl_ctrl
berabohm_ctrl
bermudat_ctrl
berzerk_ctrl
bigevglf_ctrl
bigkarnk_ctrl
bigrun_ctrl
bigstrik_ctrl
bigtwin_ctrl
bbonk_ctrl
bioatack_ctrl
bioship_ctrl
biofreak_ctrl
biomtoy_ctrl
bionicc_ctrl
bking_ctrl
bking2_ctrl
bking3_ctrl
birdtry_ctrl
blkheart_ctrl
blkhole_ctrl
blkpnthr_ctrl
blktiger_ctrl
bwidow_ctrl
bmaster_ctrl
bladestl_ctrl
blandia_ctrl
blastoff_ctrl
blasted_ctrl
blaster_ctrl
blstroid_ctrl
blasto_ctrl
blazeon_ctrl
blockout_ctrl
blockade_ctrl
bloodbro_ctrl
bloxeed_ctrl
blueprnt_ctrl
blueshrk_ctrl
bodyslam_ctrl
bogeyman_ctrl
bombjack_ctrl
boogwing_ctrl
boothill_ctrl
bosco_ctrl
bottom9_ctrl
bouldash_ctrl
bowler_ctrl
boxingb_ctrl
bradley_ctrl
brkthru_ctrl
bublbobl_ctrl
bubbles_ctrl
buckrog_ctrl
buggychl_ctrl
btime_ctrl
brubber_ctrl
cabal_ctrl
cadash_ctrl
dino_ctrl
calibr50_ctrl
cameltry_ctrl
canyon_ctrl
capbowl_ctrl
captaven_ctrl
captcomm_ctrl
carnevil_ctrl
carnival_ctrl
cawing_ctrl
cavelon_ctrl
cninja_ctrl
centiped_ctrl
challeng_ctrl
champbas_ctrl
csprint_ctrl
checkman_ctrl
checkmat_ctrl
cheekyms_ctrl
cheyenne_ctrl
cshift_ctrl
chiller_ctrl
ccasino_ctrl
chopper_ctrl
circus_ctrl
circusc_ctrl
cischeat_ctrl
citycon_ctrl
citylove_ctrl
cloak_ctrl
clowns_ctrl
cltchitr_ctrl
colony7_ctrl
columns_ctrl
combat_ctrl
commsega_ctrl
commando_ctrl
comotion_ctrl
congo_ctrl
contra_ctrl
cosmica_ctrl
cavenger_ctrl
cchasm_ctrl
cosmicg_ctrl
cracksht_ctrl
crash_ctrl
crater_ctrl
cclimber_ctrl
cclimbr2_ctrl
ckong_ctrl
crimec_ctrl
crimfght_ctrl
crossbow_ctrl
crgolf_ctrl
cbuster_ctrl
crush_ctrl
cryptklr_ctrl
ccastles_ctrl
curvebal_ctrl
cybsled_ctrl
cyberbal_ctrl
cybots_ctrl
daioh_ctrl
dangar_ctrl
dangerz_ctrl
dbreed_ctrl
indyheat_ctrl
darkplnt_ctrl
darkseal_ctrl
dstlk_ctrl
deadang_ctrl
redufo_ctrl
defender_ctrl
demoderb_ctrl
depthch_ctrl
desertgu_ctrl
destroyr_ctrl
devstors_ctrl
devilfsh_ctrl
devzone_ctrl
digdug_ctrl
digdug2_ctrl
digger_ctrl
dimahoo_ctrl
dotron_ctrl
dorunrun_ctrl
domino_ctrl
dkong_ctrl
dkong3_ctrl
dkongjr_ctrl
ddragon_ctrl
ddragon3_ctrl
ddragon2_ctrl
ddribble_ctrl
downtown_ctrl
dragrace_ctrl
dragngun_ctrl
dspirit_ctrl
drgnunit_ctrl
ddsom_ctrl
ddtod_ctrl
dynamcop_ctrl
eswat_ctrl
ecofghtr_ctrl
eggventr_ctrl
elevator_ctrl
elim2_ctrl
enigma2_ctrl
eprom_ctrl
exerion_ctrl
exterm_ctrl
eyes_ctrl
f1dream_ctrl
f1en_ctrl
fantasy_ctrl
qbert_ctrl
fax_ctrl
fgoal_ctrl
fghtatck_ctrl
fvipers_ctrl
finalb_ctrl
ffight_ctrl
finalap2_ctrl
firetrap_ctrl
firetrk_ctrl
fshark_ctrl
foodf_ctrl
forgottn_ctrl
formatz_ctrl
frenzy_ctrl
frogger_ctrl
frogs_ctrl
frontlin_ctrl
futspy_ctrl
gloc_ctrl
gijoe_ctrl
gground_ctrl
galaga88_ctrl
galaga_ctrl
galaxian_ctrl
gforce2_ctrl
galxwars_ctrl
galpanic_ctrl
galpani2_ctrl
gaplus_ctrl
gauntlet_ctrl
gaunt2_ctrl
geebee_ctrl
gng_ctrl
ghouls_ctrl
gigawing_ctrl
goldmedl_ctrl
goldnaxe_ctrl
ga2_ctrl
gt97_ctrl
gt98_ctrl
gt99_ctrl
gt2k_ctrl
gt3d_ctrl
gtg2_ctrl
glfgreat_ctrl
golgo13_ctrl
gollygho_ctrl
gondo_ctrl
gorf_ctrl
grchamp_ctrl
f1gpstar_ctrl
gravitar_ctrl
greatgun_ctrl
gberet_ctrl
gridiron_ctrl
gridlee_ctrl
guardian_ctrl
gwar_ctrl
gunsmoke_ctrl
gunbird_ctrl
gunbustr_ctrl
gyruss_ctrl
halleys_ctrl
hardyard_ctrl
hattrick_ctrl
hcastle_ctrl
hbarrel_ctrl
hiimpact_ctrl
hippodrm_ctrl
hitme_ctrl
hitice_ctrl
holo_ctrl
hotrod_ctrl
hstennis_ctrl
hng64_ctrl
hyperspt_ctrl
irobot_ctrl
ikari3_ctrl
ikari_ctrl
indytemp_ctrl
inferno_ctrl
invrvnge_ctrl
invho2_ctrl
offroad_ctrl
offroadt_ctrl
jackal_ctrl
jailbrek_ctrl
teamqb_ctrl
journey_ctrl
joust_ctrl
joust2_ctrl
joyfulr_ctrl
jrpacman_ctrl
jumpbug_ctrl
junglek_ctrl
jungler_ctrl
jpark_ctrl
kageki_ctrl
kangaroo_ctrl
kaos_ctrl
kchamp_ctrl
karnov_ctrl
kick_ctrl
kicker_ctrl
killcom_ctrl
kinst_ctrl
kinst2_ctrl
kingball_ctrl
kingofb_ctrl
klax_ctrl
knights_ctrl
konamigt_ctrl
kroozr_ctrl
kram_ctrl
krull_ctrl
kungfum_ctrl
kurikint_ctrl
ladybug_ctrl
lagunar_ctrl
lghost_ctrl
lastduel_ctrl
lethalen_ctrl
lethalj_ctrl
liberatr_ctrl
lnc_ctrl
lockon_ctrl
locomotn_ctrl
ldrun_ctrl
looping_ctrl
losttomb_ctrl
llander_ctrl
lrescue_ctrl
lupin3_ctrl
m4_ctrl
megaplay_ctrl
mplanets_ctrl
msword_ctrl
magspot_ctrl
mhavoc_ctrl
maniach_ctrl
mappy_ctrl
marble_ctrl
mario_ctrl
mars_ctrl
mmatrix_ctrl
msh_ctrl
mshvsf_ctrl
mvsc_ctrl
matmania_ctrl
maxrpm_ctrl
maxforce_ctrl
mayday_ctrl
mechatt_ctrl
megaman2_ctrl
megazone_ctrl
mercs_ctrl
metamrph_ctrl
metrocrs_ctrl
mwalk_ctrl
midres_ctrl
gtmr2_ctrl
milliped_ctrl
minefld_ctrl
mineswpr_ctrl
minigolf_ctrl
missile_ctrl
gmissile_ctrl
moguchan_ctrl
mole_ctrl
monymony_ctrl
monsterb_ctrl
montecar_ctrl
mpatrol_ctrl
moonwar_ctrl
mk_ctrl
mk3_ctrl
mk4_ctrl
mk2_ctrl
mtrap_ctrl
mrdo_ctrl
docastle_ctrl
dowild_ctrl
mrdrillr_ctrl
mspacman_ctrl
mvp_ctrl
mx5000_ctrl
mysticm_ctrl
mystwarr_ctrl
nametune_ctrl
narc_ctrl
nastar_ctrl
natodef_ctrl
naughtyb_ctrl
nbahangt_ctrl
nbajam_ctrl
neckneck_ctrl
neogeo_ctrl
nyny_ctrl
blitz_ctrl
nibbler_ctrl
nss_ctrl
nomnlnd_ctrl
nova2001_ctrl
olibochu_ctrl
omegrace_ctrl
oneshot_ctrl
othunder_ctrl
opwolf_ctrl
opwolf3_ctrl
outrun_ctrl
overdriv_ctrl
pow_ctrl
pacland_ctrl
pacplus_ctrl
pacmania_ctrl
paddlema_ctrl
pandoras_ctrl
paperboy_ctrl
pastelg_ctrl
pengo_ctrl
pepper2_ctrl
peterpak_ctrl
phoenix_ctrl
pigout_ctrl
pigskin_ctrl
pbaction_ctrl
piratetr_ctrl
pitfight_ctrl
pitfall2_ctrl
playch10_ctrl
pleiads_ctrl
plotting_ctrl
ptblank_ctrl
polaris_ctrl
polepos_ctrl
polepos2_ctrl
policetr_ctrl
polyplay_ctrl
ponpoko_ctrl
pooyan_ctrl
popeye_ctrl
popper_ctrl
pdrift_ctrl
powerdrv_ctrl
pclubj_ctrl
profpac_ctrl
psychos_ctrl
puckman_ctrl
pulsar_ctrl
punchout_ctrl
punkshot_ctrl
pbobble_ctrl
pbobble2_ctrl
pbobble3_ctrl
qix_ctrl
quantum_ctrl
quarterb_ctrl
quartet_ctrl
quasar_ctrl
qad_ctrl
qndream_ctrl
rtype_ctrl
radarscp_ctrl
radrad_ctrl
rchase_ctrl
rainbow_ctrl
rallyx_ctrl
rampage_ctrl
rmpgwt_ctrl
rampart_ctrl
rastan_ctrl
reactor_ctrl
redlin2p_ctrl
regulus_ctrl
renegade_ctrl
rescue_ctrl
rescraid_ctrl
jedi_ctrl
revx_ctrl
ripoff_ctrl
roadblst_ctrl
roadf_ctrl
roadrunn_ctrl
robby_ctrl
robocop_ctrl
robocop2_ctrl
robotron_ctrl
rocnrope_ctrl
rollerg_ctrl
rthunder_ctrl
rranger_ctrl
roundup_ctrl
rungun_ctrl
runaway_ctrl
stunrun_ctrl
salamand_ctrl
searchar_ctrl
sarge_ctrl
satansat_ctrl
shollow_ctrl
scramble_ctrl
sdi_ctrl
seawolf_ctrl
seawolf2_ctrl
shdancer_ctrl
shadoww_ctrl
sharkatt_ctrl
sshooter_ctrl
sheriff_ctrl
shinobi_ctrl
shootout_ctrl
shootbul_ctrl
shuffle_ctrl
shufshot_ctrl
sidearms_ctrl
sidetrac_ctrl
sinistar_ctrl
skullxbo_ctrl
skydiver_ctrl
skysoldr_ctrl
slapfigh_ctrl
slikshot_ctrl
slither_ctrl
slyspy_ctrl
smashtv_ctrl
snakjack_ctrl
snapjack_ctrl
snowbros_ctrl
solarfox_ctrl
solarq_ctrl
amazon_ctrl
sbm_ctrl
souledge_ctrl
spacewar_ctrl
sspaceat_ctrl
spacduel_ctrl
spacefb_ctrl
spacfury_ctrl
spacegun_ctrl
sharrier_ctrl
invaders_ctrl
spacedx_ctrl
invadpt2_ctrl
spacelnc_ctrl
spaceod_ctrl
panic_ctrl
spacezap_ctrl
speakres_ctrl
spectar_ctrl
spdcoin_ctrl
speedfrk_ctrl
speedrcr_ctrl
spidman_ctrl
spiders_ctrl
sprint1_ctrl
starcas_ctrl
starforc_ctrl
stargrds_ctrl
starhawk_ctrl
starjack_ctrl
startrek_ctrl
starwars_ctrl
stargate_ctrl
sgunner_ctrl
sgunner2_ctrl
stocker_ctrl
stratab_ctrl
stratgyx_ctrl
sf_ctrl
sfa2_ctrl
sfa3_ctrl
sfa_ctrl
sf2_ctrl
sfiii2_ctrl
sfiii3_ctrl
sfiii_ctrl
sftm_ctrl
strider_ctrl
sbowling_ctrl
strkforc_ctrl
s1945_ctrl
s1945iii_ctrl
subs_ctrl
ssriders_ctrl
sbagman_ctrl
sbrkout_ctrl
scobra_ctrl
scontra_ctrl
spdodgeb_ctrl
sgemf_ctrl
shimpact_ctrl
smgp_ctrl
superpac_ctrl
spbactn_ctrl
spnchout_ctrl
sqix_ctrl
sspeedr_ctrl
ssprint_ctrl
ssf2_ctrl
sstrike_ctrl
stonebal_ctrl
streakng_ctrl
szaxxon_ctrl
superman_ctrl
swimmer_ctrl
tnk3_ctrl
tailg_ctrl
tank8_ctrl
tankbatt_ctrl
tapper_ctrl
targ_ctrl
tazmania_ctrl
tbowl_ctrl
tmnt_ctrl
tmnt2_ctrl
tehkanwc_ctrl
tekken_ctrl
tekken2_ctrl
tekken3_ctrl
tempest_ctrl
tengai_ctrl
term2_ctrl
terracre_ctrl
terraf_ctrl
atetris_ctrl
tetris_ctrl
tetrisp_ctrl
tetrisp2_ctrl
ctribe_ctrl
elecyoyo_ctrl
esb_ctrl
theend_ctrl
lkage_ctrl
mainevt_ctrl
ninjaw_ctrl
thepit_ctrl
punisher_ctrl
ghostb_ctrl
simpsons_ctrl
srumbler_ctrl
a3stooges_ctrl
tinstar_ctrl
thief_ctrl
a3wonders_ctrl
thndrbld_ctrl
thundfox_ctrl
thunderj_ctrl
tickee_ctrl
tigerh_ctrl
tigeroad_ctrl
timber_ctrl
timecris_ctrl
timekill_ctrl
timeplt_ctrl
timesold_ctrl
titlef_ctrl
toki_ctrl
tomahawk_ctrl
toobin_ctrl
topspeed_ctrl
totcarn_ctrl
tdfever_ctrl
toypop_ctrl
trackfld_ctrl
tranqgun_ctrl
trisport_ctrl
triplhnt_ctrl
statriv2_ctrl
gtsers8_ctrl
gt507uk_ctrl
gt5_ctrl
trvgns_ctrl
triviasp_ctrl
triviabb_ctrl
triviag1_ctrl
triviag2_ctrl
triviayp_ctrl
trojan_ctrl
trog_ctrl
tron_ctrl
tubep_ctrl
tunhunt_ctrl
turbo_ctrl
turbofrc_ctrl
toutrun_ctrl
tshoot_ctrl
tutankhm_ctrl
twincobr_ctrl
twineagl_ctrl
twineag2_ctrl
twotiger_ctrl
earthjkr_ctrl
unsquad_ctrl
vball_ctrl
usclssic_ctrl
ultratnk_ctrl
utoukond_ctrl
undrfire_ctrl
uniwars_ctrl
upndown_ctrl
valkyrie_ctrl
vandyke_ctrl
vanguard_ctrl
varth_ctrl
vendetta_ctrl
venture_ctrl
victory_ctrl
victroad_ctrl
hustler_ctrl
videopin_ctrl
vigilant_ctrl
vimana_ctrl
vindictr_ctrl
vindctr2_ctrl
viofight_ctrl
viper_ctrl
vf_ctrl
vf2_ctrl
vsgongf_ctrl
rbibb_ctrl
balonfgt_ctrl
vsbball_ctrl
btlecity_ctrl
cstlevna_ctrl
cluclu_ctrl
drmario_ctrl
duckhunt_ctrl
excitebk_ctrl
vsfdf_ctrl
vsgradus_ctrl
vsgshoe_ctrl
hogalley_ctrl
hotsmash_ctrl
iceclimb_ctrl
iceclmrj_ctrl
machridr_ctrl
mightybj_ctrl
jajamaru_ctrl
vspinbal_ctrl
platoon_ctrl
bnglngby_ctrl
vsslalom_ctrl
vssoccer_ctrl
starlstr_ctrl
smgolf_ctrl
suprmrio_ctrl
vsskykid_ctrl
supxevs_ctrl
tkoboxng_ctrl
vstennis_ctrl
vstetris_ctrl
goonies_ctrl
topgun_ctrl
wrecking_ctrl
wacko_ctrl
wargods_ctrl
warofbug_ctrl
wotw_ctrl
warlords_ctrl
warpwarp_ctrl
warrior_ctrl
suzume_ctrl
wecleman_ctrl
wfortune_ctrl
whodunit_ctrl
wildfang_ctrl
moo_ctrl
willow_ctrl
wizdfire_ctrl
wow_ctrl
wolfpack_ctrl
wboy_ctrl
wbml_ctrl
wbeachvl_ctrl
wcbowl_ctrl
wcbowldx_ctrl
wseries_ctrl
wsf_ctrl
wtennis_ctrl
wwfsstar_ctrl
wwfwfest_ctrl
wwfmania_ctrl
xmen_ctrl
xmvsf_ctrl
xmcota_ctrl
xsleena_ctrl
xenophob_ctrl
xevious_ctrl
xybots_ctrl
yesnoj_ctrl
yiear_ctrl
yosakdon_ctrl
yuyugogo_ctrl
zaxxon_ctrl
zerohour_ctrl
zeropnt_ctrl
zeropnt2_ctrl
zerowing_ctrl
zerozone_ctrl
zingzip_ctrl
zoar_ctrl
zodiack_ctrl
zombraid_ctrl
zookeep_ctrl
zunkyou_ctrl
zwackery_ctrl
zzyzzyxx_ctrl
